<?xml version="1.0" encoding="UTF-8"?>
<!-- Generated by org.testng.reporters.JUnitReportReporter -->
<testsuite skipped="0" hostname="TejasC-PC" name="AutomationFramework.Main" tests="1" failures="0" timestamp="16 May 2017 14:28:50 GMT" time="8.502" errors="0">
  <testcase name="loginTest" time="8.502" classname="AutomationFramework.Main"/>
</testsuite> <!-- AutomationFramework.Main -->
